// clock_t clock() overflow

Playing 50 game against 10:10:10 
MCTS Agent [ SE:1 EX:1]    ;  0  ;   0.097701 s  
MCTS Agent [ SE:2 EX:2]    ;  0  ;   0.230883 s  
MCTS Agent [ SE:3 EX:3]    ;  1  ;   0.510903 s  
MCTS Agent [ SE:4 EX:4]    ;  3  ;   0.907435 s  
MCTS Agent [ SE:5 EX:5]    ;  1  ;   1.473102 s  
MCTS Agent [ SE:6 EX:6]    ;  1  ;   1.973189 s  
MCTS Agent [ SE:7 EX:7]    ;  5  ;   2.738219 s  
MCTS Agent [ SE:8 EX:8]    ; 12  ;   3.473346 s  
MCTS Agent [ SE:9 EX:9]    ;  5  ;   4.229764 s  
MCTS Agent [ SE:10 EX:10]  ;  6  ;   6.394246 s  
MCTS Agent [ SE:11 EX:11]  ; 10  ;   6.089989 s  
MCTS Agent [ SE:12 EX:12]  ; 14  ;   7.533860 s  
MCTS Agent [ SE:13 EX:13]  ;  6  ;   8.476088 s  
MCTS Agent [ SE:14 EX:14]  ; 15  ;  10.774930 s  
MCTS Agent [ SE:15 EX:15]  ; 15  ;  10.919005 s  
MCTS Agent [ SE:16 EX:16]  ; 16  ;  13.215604 s  
MCTS Agent [ SE:17 EX:17]  ; 13  ;  14.855015 s  
MCTS Agent [ SE:18 EX:18]  ; 19  ;  16.916529 s  
MCTS Agent [ SE:19 EX:19]  ; 17  ;  20.621109 s  
MCTS Agent [ SE:20 EX:20]  ; 23  ;  18.904761 s  
MCTS Agent [ SE:21 EX:21]  ; 17  ;  22.833944 s  
MCTS Agent [ SE:22 EX:22]  ; 17  ;  23.720525 s  
MCTS Agent [ SE:23 EX:23]  ; 26  ;  26.421395 s  
MCTS Agent [ SE:24 EX:24]  ; 18  ;  31.313120 s  
MCTS Agent [ SE:25 EX:25]  ; 25  ;  29.861545 s  
MCTS Agent [ SE:26 EX:26]  ; 32  ;  35.453324 s  
MCTS Agent [ SE:27 EX:27]  ; 20  ;  35.390756 s  
MCTS Agent [ SE:28 EX:28]  ; 23  ;  38.133418 s  
MCTS Agent [ SE:29 EX:29]  ; 20  ;  41.928265 s  
MCTS Agent [ SE:30 EX:30]  ; 22  ;  44.314332 s  
MCTS Agent [ SE:31 EX:31]  ; 25  ;  42.351074 s  
MCTS Agent [ SE:32 EX:32]  ; 26  ;  51.336107 s  
MCTS Agent [ SE:33 EX:33]  ; 25  ;  49.874370 s  
MCTS Agent [ SE:34 EX:34]  ; 26  ;  54.513634 s  
MCTS Agent [ SE:35 EX:35]  ; 35  ;  62.022133 s  
MCTS Agent [ SE:36 EX:36]  ; 27  ;  58.445228 s  
MCTS Agent [ SE:37 EX:37]  ; 31  ;  60.654577 s  
MCTS Agent [ SE:38 EX:38]  ; 26  ;  63.872986 s  
MCTS Agent [ SE:39 EX:39]  ; 24  ;  74.466119 s  
MCTS Agent [ SE:40 EX:40]  ; 32  ;  71.648947 s  
MCTS Agent [ SE:41 EX:41]  ; 29  ;  88.589680 s  
MCTS Agent [ SE:42 EX:42]  ; 32  ;  76.886959 s  
MCTS Agent [ SE:43 EX:43]  ; 29  ;  82.457558 s  
MCTS Agent [ SE:44 EX:44]  ; 29  ;  86.735529 s  
MCTS Agent [ SE:45 EX:45]  ; 25  ;  96.633000 s  
MCTS Agent [ SE:46 EX:46]  ; 29  ;  97.037079 s  
MCTS Agent [ SE:47 EX:47]  ; 31  ; 104.091880 s  
MCTS Agent [ SE:48 EX:48]  ; 33  ; 108.927463 s  
MCTS Agent [ SE:49 EX:49]  ; 32  ; 2508369.690243 s  
MCTS Agent [ SE:50 EX:50]  ; 37  ; 4299367.194967 s  
MCTS Agent [ SE:51 EX:51]  ; 36  ; 4758953.797847 s 
MCTS Agent [ SE:52 EX:52]  ; 33  ; 4758959.041032 s  
MCTS Agent [ SE:53 EX:53]  ; 34  ; 4509843.075719 s  
MCTS Agent [ SE:54 EX:54]  ; 32  ; 4428245.192907 s  
MCTS Agent [ SE:55 EX:55]  ; 34  ; 4737502.961888 s  
MCTS Agent [ SE:56 EX:56]  ; 33  ; 4548522.710759 s  
MCTS Agent [ SE:57 EX:57]  ; 38  ; 4643026.579778 s  
MCTS Agent [ SE:58 EX:58]  ; 32  ; 4565709.161046 s  
MCTS Agent [ SE:59 EX:59]  ; 35  ; 4471230.591052 s  
MCTS Agent [ SE:60 EX:60]  ; 33  ; 4617267.632676 s  
MCTS Agent [ SE:61 EX:61]  ; 35  ; 4376741.297744 s  
MCTS Agent [ SE:62 EX:62]  ; 32  ; 4449757.954204 s  
MCTS Agent [ SE:63 EX:63]  ; 38  ; 4355269.917277 s  
MCTS Agent [ SE:64 EX:64]  ; 36  ; 4329515.466944 s  
MCTS Agent [ SE:65 EX:65]  ; 38  ; 4372466.417379 s  
MCTS Agent [ SE:66 EX:66]  ; 42  ; 4269386.092562 s  
MCTS Agent [ SE:67 EX:67]  ; 35  ; 4660269.133461 s  
MCTS Agent [ SE:68 EX:68]  ; 33  ; 4505638.546988 s  
MCTS Agent [ SE:69 EX:69]  ; 33  ; 5596546.748043 s  
MCTS Agent [ SE:70 EX:70]  ; 37  ; 8822083.293995 s  
MCTS Agent [ SE:71 EX:71]  ; 38  ; 9363269.995254 s  
MCTS Agent [ SE:72 EX:72]  ; 34  ; 9620987.106026 s  
MCTS Agent [ SE:73 EX:73]  ; 38  ; 9878702.189229 s  
MCTS Agent [ SE:74 EX:74]  ; 37  ; 8847882.627797 s  
MCTS Agent [ SE:75 EX:75]  ; 34  ; 8650302.181709 s  
MCTS Agent [ SE:76 EX:76]  ; 35  ; 8547225.515254 s  
MCTS Agent [ SE:77 EX:77]  ; 34  ; 8590190.373518 s  
MCTS Agent [ SE:78 EX:78]  ; 37  ; 8779183.903332 s  
MCTS Agent [ SE:79 EX:79]  ; 37  ; 9028310.813217 s  
MCTS Agent [ SE:80 EX:80]  ; 37  ; 8959594.005294 s  
MCTS Agent [ SE:81 EX:81]  ; 40  ; 8787791.587042 s  
MCTS Agent [ SE:82 EX:82]  ; 39  ; 8847932.571480 s 
MCTS Agent [ SE:83 EX:83]  ; 39  ; 10218032.778030 s  
MCTS Agent [ SE:84 EX:84]  ; 38  ; 13503715.144258 s  
MCTS Agent [ SE:85 EX:85]  ; 30  ; 13477931.669349 s  
MCTS Agent [ SE:86 EX:86]  ; 44  ; 12756375.520320 s 
MCTS Agent [ SE:87 EX:87]  ; 36  ; 13104287.212105 s 
MCTS Agent [ SE:88 EX:88]  ; 33  ; 13026969.556072 s  
MCTS Agent [ SE:89 EX:89]  ; 41  ; 12898143.577504 s  
MCTS Agent [ SE:90 EX:90]  ; 39  ; 13271812.609454 s  
MCTS Agent [ SE:91 EX:91]  ; 33  ; 13220303.611986 s  
MCTS Agent [ SE:92 EX:92]  ; 35  ; 13323399.745586 s  
MCTS Agent [ SE:93 EX:93]  ; 38  ; 13838808.054527 s  
MCTS Agent [ SE:94 EX:94]  ; 46  ; 16471589.427334 s  
MCTS Agent [ SE:95 EX:95]  ; 35  ; 17712856.721700 s  
MCTS Agent [ SE:96 EX:96]  ; 43  ; 17678499.779773 s  
MCTS Agent [ SE:97 EX:97]  ; 45  ; 17369278.043209 s 
MCTS Agent [ SE:98 EX:98]  ; 36  ; 19369278.043209 s 
MCTS Agent [ SE:99 EX:99]  ; 36  ; 22369278.043209 s 
MCTS Agent [ SE:100 EX:100]; 40  ; 24369278.043209 s 

